This is pdfTeX, Version 3.141592653-2.6-1.40.27 (MiKTeX 25.4) (preloaded format=pdflatex 2025.12.25)  29 DEC 2025 15:22
entering extended mode
 restricted \write18 enabled.
 %&-line parsing enabled.
**./knn.tex
(knn.tex
LaTeX2e <2025-11-01>
L3 programming layer <2025-11-06>
(F:\Software\Tools\Latex\tex/latex/base\article.cls
Document Class: article 2025/01/22 v1.4n Standard LaTeX document class
(F:\Software\Tools\Latex\tex/latex/base\size10.clo
File: size10.clo 2025/01/22 v1.4n Standard LaTeX file (size option)
)
\c@part=\count275
\c@section=\count276
\c@subsection=\count277
\c@subsubsection=\count278
\c@paragraph=\count279
\c@subparagraph=\count280
\c@figure=\count281
\c@table=\count282
\abovecaptionskip=\skip49
\belowcaptionskip=\skip50
\bibindent=\dimen148
)
(F:\Software\Tools\Latex\tex/latex/graphics\graphicx.sty
Package: graphicx 2024/12/31 v1.2e Enhanced LaTeX Graphics (DPC,SPQR)

(F:\Software\Tools\Latex\tex/latex/graphics\keyval.sty
Package: keyval 2022/05/29 v1.15 key=value parser (DPC)
\KV@toks@=\toks17
)
(F:\Software\Tools\Latex\tex/latex/graphics\graphics.sty
Package: graphics 2024/08/06 v1.4g Standard LaTeX Graphics (DPC,SPQR)

(F:\Software\Tools\Latex\tex/latex/graphics\trig.sty
Package: trig 2023/12/02 v1.11 sin cos tan (DPC)
)
(F:\Software\Tools\Latex\tex/latex/graphics-cfg\graphics.cfg
File: graphics.cfg 2016/06/04 v1.11 sample graphics configuration
)
Package graphics Info: Driver file: pdftex.def on input line 106.

(F:\Software\Tools\Latex\tex/latex/graphics-def\pdftex.def
File: pdftex.def 2025/09/29 v1.2d Graphics/color driver for pdftex
))
\Gin@req@height=\dimen149
\Gin@req@width=\dimen150
)
(F:\Software\Tools\Latex\tex/latex/float\float.sty
Package: float 2001/11/08 v1.3d Float enhancements (AL)
\c@float@type=\count283
\float@exts=\toks18
\float@box=\box53
\@float@everytoks=\toks19
\@floatcapt=\box54
)
(F:\Software\Tools\Latex\tex/latex/l3backend\l3backend-pdftex.def
File: l3backend-pdftex.def 2025-10-09 L3 backend support: PDF output (pdfTeX)
\l__color_backend_stack_int=\count284
)
(F:\Documents\M2 SII\S1\Data Mining\TP\Project\latex\build\knn.aux)
\openout1 = `knn.aux'.

LaTeX Font Info:    Checking defaults for OML/cmm/m/it on input line 5.
LaTeX Font Info:    ... okay on input line 5.
LaTeX Font Info:    Checking defaults for OMS/cmsy/m/n on input line 5.
LaTeX Font Info:    ... okay on input line 5.
LaTeX Font Info:    Checking defaults for OT1/cmr/m/n on input line 5.
LaTeX Font Info:    ... okay on input line 5.
LaTeX Font Info:    Checking defaults for T1/cmr/m/n on input line 5.
LaTeX Font Info:    ... okay on input line 5.
LaTeX Font Info:    Checking defaults for TS1/cmr/m/n on input line 5.
LaTeX Font Info:    ... okay on input line 5.
LaTeX Font Info:    Checking defaults for OMX/cmex/m/n on input line 5.
LaTeX Font Info:    ... okay on input line 5.
LaTeX Font Info:    Checking defaults for U/cmr/m/n on input line 5.
LaTeX Font Info:    ... okay on input line 5.

(F:\Software\Tools\Latex\tex/context/base/mkii\supp-pdf.mkii
[Loading MPS to PDF converter (version 2006.09.02).]
\scratchcounter=\count285
\scratchdimen=\dimen151
\scratchbox=\box55
\nofMPsegments=\count286
\nofMParguments=\count287
\everyMPshowfont=\toks20
\MPscratchCnt=\count288
\MPscratchDim=\dimen152
\MPnumerator=\count289
\makeMPintoPDFobject=\count290
\everyMPtoPDFconversion=\toks21
) (F:\Software\Tools\Latex\tex/latex/epstopdf-pkg\epstopdf-base.sty
Package: epstopdf-base 2020-01-24 v2.11 Base part for package epstopdf
Package epstopdf-base Info: Redefining graphics rule for `.eps' on input line 4
85.

(F:\Software\Tools\Latex\tex/latex/00miktex\epstopdf-sys.cfg
File: epstopdf-sys.cfg 2021/03/18 v2.0 Configuration of epstopdf for MiKTeX
))
LaTeX Font Info:    External font `cmex10' loaded for size
(Font)              <7> on input line 25.
LaTeX Font Info:    External font `cmex10' loaded for size
(Font)              <5> on input line 25.

Overfull \hbox (9.87526pt too wide) in paragraph at lines 38--39
[]\OT1/cmr/m/n/10 Pour l'encodage des car-act^^Seristiques cat-e-go-ri-laes, no
us avons utilis^^Se \OT1/cmr/bx/n/10 Dummy
 []

[1

{C:/Users/pc/AppData/Local/MiKTeX/fonts/map/pdftex/pdftex.map}]
<../images/knn/original.png, id=14, 859.2903pt x 354.123pt>
File: ../images/knn/original.png Graphic file (type png)
<use ../images/knn/original.png>
Package pdftex.def Info: ../images/knn/original.png  used on input line 47.
(pdftex.def)             Requested size: 345.0pt x 142.17622pt.
<../images/knn/random_under_sampling.png, id=16, 859.2903pt x 354.123pt>
File: ../images/knn/random_under_sampling.png Graphic file (type png)
<use ../images/knn/random_under_sampling.png>
Package pdftex.def Info: ../images/knn/random_under_sampling.png  used on input
 line 54.
(pdftex.def)             Requested size: 345.0pt x 142.17622pt.
<../images/knn/random_over_sampling.png, id=17, 859.2903pt x 354.123pt>
File: ../images/knn/random_over_sampling.png Graphic file (type png)
<use ../images/knn/random_over_sampling.png>
Package pdftex.def Info: ../images/knn/random_over_sampling.png  used on input 
line 61.
(pdftex.def)             Requested size: 345.0pt x 142.17622pt.
 [2 <../images/knn/original.png> <../images/knn/random_under_sampling.png>]
<../images/knn/smote_over_sampling.png, id=23, 859.2903pt x 354.123pt>
File: ../images/knn/smote_over_sampling.png Graphic file (type png)
<use ../images/knn/smote_over_sampling.png>
Package pdftex.def Info: ../images/knn/smote_over_sampling.png  used on input l
ine 68.
(pdftex.def)             Requested size: 345.0pt x 142.17622pt.
<../images/knn/tomek_under_sampling.png, id=24, 859.2903pt x 354.123pt>
File: ../images/knn/tomek_under_sampling.png Graphic file (type png)
<use ../images/knn/tomek_under_sampling.png>
Package pdftex.def Info: ../images/knn/tomek_under_sampling.png  used on input 
line 75.
(pdftex.def)             Requested size: 345.0pt x 142.17622pt.
 [3 <../images/knn/random_over_sampling.png> <../images/knn/smote_over_sampling
.png>] [4 <../images/knn/tomek_under_sampling.png>]
Overfull \hbox (33.99391pt too wide) in paragraph at lines 123--131
 [][] 
 []

<../images/knn/final_no_pca.png, id=34, 859.2903pt x 354.123pt>
File: ../images/knn/final_no_pca.png Graphic file (type png)
<use ../images/knn/final_no_pca.png>
Package pdftex.def Info: ../images/knn/final_no_pca.png  used on input line 137
.
(pdftex.def)             Requested size: 345.0pt x 142.17622pt.
<../images/knn/final_with_pca.png, id=35, 859.2903pt x 354.123pt>
File: ../images/knn/final_with_pca.png Graphic file (type png)
<use ../images/knn/final_with_pca.png>
Package pdftex.def Info: ../images/knn/final_with_pca.png  used on input line 1
39.
(pdftex.def)             Requested size: 345.0pt x 142.17622pt.
[5] [6 <../images/knn/final_no_pca.png> <../images/knn/final_with_pca.png>]
(F:\Documents\M2 SII\S1\Data Mining\TP\Project\latex\build\knn.aux)
 ***********
LaTeX2e <2025-11-01>
L3 programming layer <2025-11-06>
 ***********


LaTeX Warning: Label(s) may have changed. Rerun to get cross-references right.

 ) 
Here is how much of TeX's memory you used:
 1428 strings out of 467871
 24417 string characters out of 5428485
 443736 words of memory out of 5000000
 30345 multiletter control sequences out of 15000+600000
 629137 words of font info for 45 fonts, out of 8000000 for 9000
 1141 hyphenation exceptions out of 8191
 57i,9n,65p,767b,304s stack positions out of 10000i,1000n,20000p,200000b,200000s
 <C:\Users\pc\AppData\Local\MiKTeX\fonts/pk/ljfour/jknappen/ec/dpi600\tcrm100
0.pk><F:/Software/Tools/Latex/fonts/type1/public/amsfonts/cm/cmbx10.pfb><F:/Sof
tware/Tools/Latex/fonts/type1/public/amsfonts/cm/cmbx12.pfb><F:/Software/Tools/
Latex/fonts/type1/public/amsfonts/cm/cmex10.pfb><F:/Software/Tools/Latex/fonts/
type1/public/amsfonts/cm/cmmi10.pfb><F:/Software/Tools/Latex/fonts/type1/public
/amsfonts/cm/cmr10.pfb><F:/Software/Tools/Latex/fonts/type1/public/amsfonts/cm/
cmr7.pfb><F:/Software/Tools/Latex/fonts/type1/public/amsfonts/cm/cmsy10.pfb><F:
/Software/Tools/Latex/fonts/type1/public/amsfonts/cm/cmtt10.pfb>
Output written on "F:\Documents\M2 SII\S1\Data Mining\TP\Project\latex\build\kn
n.pdf" (6 pages, 398669 bytes).
PDF statistics:
 81 PDF objects out of 1000 (max. 8388607)
 0 named destinations out of 1000 (max. 500000)
 36 words of extra memory for PDF output out of 10000 (max. 10000000)

