\BOOKMARK [0][-]{Doc-Start}{\376\377\000T\000a\000b\000l\000e\000\040\000d\000e\000s\000\040\000m\000a\000t\000i\000\350\000r\000e\000s}{}% 1
\BOOKMARK [0][-]{chapter*.1}{\376\377\000L\000i\000s\000t\000e\000\040\000d\000e\000s\000\040\000f\000i\000g\000u\000r\000e\000s}{}% 2
\BOOKMARK [0][-]{chapter*.2}{\376\377\000L\000i\000s\000t\000e\000\040\000d\000e\000s\000\040\000t\000a\000b\000l\000e\000a\000u\000x}{}% 3
\BOOKMARK [0][-]{chapter.1}{\376\377\000I\000n\000t\000r\000o\000d\000u\000c\000t\000i\000o\000n}{}% 4
\BOOKMARK [1][-]{subsection.1.0.1}{\376\377\000f\000i\000r\000e\000\040\000d\000a\000t\000a\000s\000e\000t}{chapter.1}% 5
\BOOKMARK [2][-]{subsection.1.0.2}{\376\377\000L\000a\000n\000d\000\040\000C\000o\000v\000e\000r}{subsection.1.0.1}% 6
\BOOKMARK [2][-]{subsection.1.0.3}{\376\377\000S\000o\000i\000l}{subsection.1.0.1}% 7
\BOOKMARK [2][-]{subsection.1.0.4}{\376\377\000E\000l\000e\000v\000a\000t\000i\000o\000n}{subsection.1.0.1}% 8
\BOOKMARK [2][-]{subsection.1.0.5}{\376\377\000C\000l\000i\000m\000a\000t}{subsection.1.0.1}% 9
\BOOKMARK [2][-]{subsection.1.0.6}{\376\377\000F\000u\000s\000i\000o\000n\000n\000e\000m\000e\000n\000t\000\040\000d\000e\000s\000\040\000d\000a\000t\000a\000s\000e\000t\000s}{subsection.1.0.1}% 10
\BOOKMARK [2][-]{subsection.1.0.7}{\376\377\000S\000a\000m\000p\000l\000i\000n\000g}{subsection.1.0.1}% 11
\BOOKMARK [2][-]{subsection.1.0.8}{\376\377\000D\000e\000f\000i\000n\000i\000t\000i\000o\000n\000\040\000C\000o\000m\000m\000u\000n\000e\000s}{subsection.1.0.1}% 12
\BOOKMARK [2][-]{subsection.1.0.9}{\376\377\000K\000n\000n}{subsection.1.0.1}% 13
\BOOKMARK [2][-]{subsection.1.0.10}{\376\377\000N\000o\000r\000m\000a\000l\000i\000z\000a\000t\000i\000o\000n\000\040\000e\000t\000\040\000E\000n\000c\000o\000d\000a\000g\000e\000\040\000d\000e\000\040\000d\000o\000n\000n\000\351\000e\000s}{subsection.1.0.1}% 14
\BOOKMARK [2][-]{subsection.1.0.11}{\376\377\000B\000a\000l\000a\000n\000c\000e\000m\000e\000n\000t\000\040\000d\000e\000\040\000d\000o\000n\000n\000\351\000e\000s}{subsection.1.0.1}% 15
\BOOKMARK [2][-]{subsection.1.0.12}{\376\377\000R\000\351\000g\000l\000a\000g\000e\000\040\000d\000e\000s\000\040\000p\000a\000r\000a\000m\000\350\000t\000r\000e\000s}{subsection.1.0.1}% 16
\BOOKMARK [2][-]{subsection.1.0.13}{\376\377\000R\000\351\000d\000u\000c\000t\000i\000o\000n\000\040\000d\000e\000\040\000d\000i\000m\000e\000n\000s\000i\000o\000n\000n\000a\000l\000i\000t\000\351}{subsection.1.0.1}% 17
\BOOKMARK [2][-]{subsection.1.0.14}{\376\377\000C\000o\000m\000p\000a\000r\000a\000i\000s\000o\000n\000\040\000d\000e\000\040\000r\000e\000s\000u\000l\000t\000a\000t\000s}{subsection.1.0.1}% 18
\BOOKMARK [2][-]{subsection.1.0.15}{\376\377\000D\000e\000c\000i\000s\000i\000o\000n\000\040\000T\000r\000e\000e}{subsection.1.0.1}% 19
\BOOKMARK [2][-]{subsection.1.0.16}{\376\377\000N\000o\000r\000m\000a\000l\000i\000z\000a\000t\000i\000o\000n\000\040\000e\000t\000\040\000E\000n\000c\000o\000d\000a\000g\000e\000\040\000d\000e\000\040\000d\000o\000n\000n\000\351\000e\000s}{subsection.1.0.1}% 20
\BOOKMARK [2][-]{subsection.1.0.17}{\376\377\000B\000a\000l\000a\000n\000c\000e\000m\000e\000n\000t\000\040\000d\000e\000\040\000d\000o\000n\000n\000\351\000e\000s}{subsection.1.0.1}% 21
\BOOKMARK [2][-]{subsection.1.0.18}{\376\377\000R\000\351\000g\000l\000a\000g\000e\000\040\000d\000e\000s\000\040\000p\000a\000r\000a\000m\000\350\000t\000r\000e\000s}{subsection.1.0.1}% 22
\BOOKMARK [2][-]{subsection.1.0.19}{\376\377\000R\000\351\000d\000u\000c\000t\000i\000o\000n\000\040\000d\000e\000\040\000d\000i\000m\000e\000n\000s\000i\000o\000n\000n\000a\000l\000i\000t\000\351}{subsection.1.0.1}% 23
\BOOKMARK [2][-]{subsection.1.0.20}{\376\377\000C\000o\000m\000p\000a\000r\000a\000i\000s\000o\000n\000\040\000d\000e\000\040\000r\000e\000s\000u\000l\000t\000a\000t\000s}{subsection.1.0.1}% 24
\BOOKMARK [2][-]{subsection.1.0.21}{\376\377\000R\000a\000n\000d\000o\000m\000\040\000F\000o\000r\000e\000s\000t}{subsection.1.0.1}% 25
\BOOKMARK [2][-]{subsection.1.0.22}{\376\377\000N\000o\000r\000m\000a\000l\000i\000z\000a\000t\000i\000o\000n\000\040\000e\000t\000\040\000E\000n\000c\000o\000d\000a\000g\000e\000\040\000d\000e\000\040\000d\000o\000n\000n\000\351\000e\000s}{subsection.1.0.1}% 26
\BOOKMARK [2][-]{subsection.1.0.23}{\376\377\000B\000a\000l\000a\000n\000c\000e\000m\000e\000n\000t\000\040\000d\000e\000\040\000d\000o\000n\000n\000\351\000e\000s}{subsection.1.0.1}% 27
\BOOKMARK [2][-]{subsection.1.0.24}{\376\377\000R\000\351\000g\000l\000a\000g\000e\000\040\000d\000e\000s\000\040\000p\000a\000r\000a\000m\000\350\000t\000r\000e\000s}{subsection.1.0.1}% 28
\BOOKMARK [2][-]{subsection.1.0.25}{\376\377\000R\000\351\000d\000u\000c\000t\000i\000o\000n\000\040\000d\000e\000\040\000d\000i\000m\000e\000n\000s\000i\000o\000n\000n\000a\000l\000i\000t\000\351}{subsection.1.0.1}% 29
\BOOKMARK [2][-]{subsection.1.0.26}{\376\377\000C\000o\000m\000p\000a\000r\000a\000i\000s\000o\000n\000\040\000d\000e\000\040\000r\000e\000s\000u\000l\000t\000a\000t\000s}{subsection.1.0.1}% 30
\BOOKMARK [0][-]{chapter.2}{\376\377\000C\000o\000n\000c\000l\000u\000s\000i\000o\000n}{}% 31
